Building DAG of jobs...
Using shell: /usr/bin/bash
Provided cores: 15
Rules claiming more threads will be scaled down.
Conda environments: ignored
Job stats:
job              count    min threads    max threads
-------------  -------  -------------  -------------
all                  1              1              1
bam_rmdup            1              1              1
combine_gvcf         1              1              1
haplo                2              1              1
indel_filter         1              1              1
indel_select         1              1              1
index_rmdup          1              1              1
joint_calling        1              1              1
snp_filter           1              1              1
snp_select           1              1              1
total               11              1              1

Select jobs to execute...

[Thu Oct 21 21:27:50 2021]
rule haplo:
    input: duplicate_removed/SRR15006269.rmdup.bam, duplicate_removed/SRR15006269.rmdup.bam.bai, reference/ref.fasta, reference/ref.fasta.fai
    output: gvcf/SRR15006269.g.vcf.gz
    jobid: 17
    wildcards: sample=SRR15006269
    resources: tmpdir=/tmp


[Thu Oct 21 21:27:50 2021]
rule bam_rmdup:
    input: sorted_reads/SRR15006267.sort.bam, reference/ref.dict
    output: duplicate_removed/SRR15006267.rmdup.bam, duplicate_removed/SRR15006267.dup.txt
    log: logs/rmdup/SRR15006267.log
    jobid: 11
    wildcards: sample=SRR15006267
    resources: tmpdir=/tmp

[Thu Oct 21 21:29:13 2021]
Error in rule bam_rmdup:
    jobid: 11
    output: duplicate_removed/SRR15006267.rmdup.bam, duplicate_removed/SRR15006267.dup.txt
    log: logs/rmdup/SRR15006267.log (check log file(s) for error message)
    shell:
        java -Xmx10g -jar /data/00/software/picard/picard.2.25.0.jar MarkDuplicates INPUT=sorted_reads/SRR15006267.sort.bam OUTPUT=duplicate_removed/SRR15006267.rmdup.bam METRICS_FILE=duplicate_removed/SRR15006267.dup.txt REMOVE_DUPLICATES=true
        (one of the commands exited with non-zero exit code; note that snakemake uses bash strict mode!)

[Thu Oct 21 21:34:05 2021]
Finished job 17.
1 of 11 steps (9%) done
Shutting down, this might take some time.
Exiting because a job execution failed. Look above for error message
Complete log: /data/00/user/user186/Work_flow_of_population_genetics/snakemake/call_snp/.snakemake/log/2021-10-21T212749.477948.snakemake.log
