Building DAG of jobs...
Using shell: /usr/bin/bash
Provided cores: 15
Rules claiming more threads will be scaled down.
Job stats:
job             count    min threads    max threads
------------  -------  -------------  -------------
all                 1              1              1
indel_filter        1              1              1
indel_select        1              1              1
total               3              1              1

Select jobs to execute...

[Thu Oct 21 22:26:38 2021]
rule indel_select:
    input: result_vcfs/combined.vcf.gz, reference/ref.fasta
    output: result_vcfs/combined.indel.vcf.gz
    log: logs/gatk/select/indel.log
    jobid: 23
    resources: tmpdir=/tmp

[Thu Oct 21 22:26:44 2021]
Finished job 23.
1 of 3 steps (33%) done
Select jobs to execute...

[Thu Oct 21 22:26:44 2021]
rule indel_filter:
    input: result_vcfs/combined.indel.vcf.gz, reference/ref.fasta
    output: result_vcfs/combined.indel.filtered.vcf.gz
    log: logs/gatk/filter/indel.log
    jobid: 22
    resources: tmpdir=/tmp

[Thu Oct 21 22:26:50 2021]
Finished job 22.
2 of 3 steps (67%) done
Select jobs to execute...

[Thu Oct 21 22:26:50 2021]
localrule all:
    input: raw_stat/SRR15006267.stat.txt, raw_stat/SRR15006269.stat.txt, clean_stat/SRR15006267.stat.txt, clean_stat/SRR15006269.stat.txt, reference/ref.fasta.fai, result_vcfs/combined.vcf.gz, result_vcfs/combined.indel.filtered.vcf.gz, result_vcfs/combined.snp.filtered.vcf.gz
    jobid: 0
    resources: tmpdir=/tmp

[Thu Oct 21 22:26:50 2021]
Finished job 0.
3 of 3 steps (100%) done
Complete log: /data/00/user/user186/Work_flow_of_population_genetics/snakemake/call_snp/.snakemake/log/2021-10-21T222637.880344.snakemake.log
